2020-10-16_23-26 33: '~'
2020-10-16_23-26 33: '7'
2020-10-16_23-26 33: '\xff'
2020-10-16_23-26 33: '\xfb'
2020-10-16_23-26 33: '\xf3'
2020-10-16_23-26 33: '\x7f'
2020-10-16_23-26 33: '\xff'
2020-10-16_23-26 48: ''
2020-10-16_23-26 54: '\xaf'
2020-10-16_23-26 54: '\xf9'
2020-10-16_23-26 54: '\xc7'
2020-10-16_23-26 54: '\xda'
2020-10-16_23-26 54: '\xff'
2020-10-16_23-26 54: '\xeb'
2020-10-16_23-26 54: '\x85'
2020-10-16_23-26 54: '\x9b'
2020-10-16_23-26 54: '\xff'
2020-10-16_23-26 54: '\xaf'
2020-10-16_23-26 54: '\xf9'
2020-10-16_23-26 54: '\xc7'
2020-10-16_23-26 54: '\xda'
2020-10-16_23-26 54: '\xff'
2020-10-16_23-26 54: '\xeb'
2020-10-16_23-26 54: '\x85'
2020-10-16_23-26 54: '\x9b'
2020-10-16_23-26 54: '\xff'
2020-10-16_23-26 54: '\xad'
2020-10-16_23-26 54: '\xf9'
2020-10-16_23-26 54: '\xc7'
2020-10-16_23-26 54: '\xda'
2020-10-16_23-26 54: '\xff'
2020-10-16_23-26 54: '\xeb'
2020-10-16_23-26 54: '\x87'
2020-10-16_23-26 54: '9'
2020-10-16_23-26 54: '\xff'
2020-10-16_23-26 54: '\xad'
2020-10-16_23-26 54: '\xf9'
2020-10-16_23-26 54: '\xc7'
2020-10-16_23-26 54: '\xda'
2020-10-16_23-26 54: '\xff'
2020-10-16_23-26 54: '\xeb'
2020-10-16_23-26 54: '\x87'
2020-10-16_23-26 54: '9'
2020-10-16_23-26 54: '\xff'
2020-10-16_23-26 54: '\xb5'
2020-10-16_23-26 54: '~'
2020-10-16_23-26 54: 'L'
2020-10-16_23-26 54: '\xeb'
2020-10-16_23-26 54: '\xeb'
2020-10-16_23-26 54: '\x87'
2020-10-16_23-26 54: '_'
2020-10-16_23-26 54: '\xff'
2020-10-16_23-26 54: '\xab'
2020-10-16_23-26 54: '\xf9'
2020-10-16_23-26 54: '\xc7'
2020-10-16_23-26 54: '\xda'
2020-10-16_23-26 54: '\xff'
2020-10-16_23-26 54: '\xeb'
2020-10-16_23-26 54: '\x87'
2020-10-16_23-26 54: '_'
2020-10-16_23-26 54: '\xff'
2020-10-16_23-26 54: 'j'
2020-10-16_23-26 54: '~'
2020-10-16_23-26 54: 'L'
2020-10-16_23-26 54: '\xeb'
2020-10-16_23-26 54: '\xeb'
2020-10-16_23-26 54: '\x85'
2020-10-16_23-26 54: '\xfd'
2020-10-16_23-26 54: '\xff'
2020-10-16_23-26 54: '\xa9'
2020-10-16_23-26 54: '\xf9'
2020-10-16_23-26 54: '\xc7'
2020-10-16_23-26 54: '\xda'
2020-10-16_23-26 54: '\xff'
2020-10-16_23-26 54: '\xeb'
2020-10-16_23-26 54: '\x85'
2020-10-16_23-26 54: '\xfd'
2020-10-16_23-26 54: '\xff'
2020-10-16_23-26 54: 'Z'
2020-10-16_23-26 54: '\xbf'
2020-10-16_23-26 54: 'L'
2020-10-16_23-26 54: '\xeb'
2020-10-16_23-26 54: '\xeb'
2020-10-16_23-26 54: '\x87'
2020-10-16_23-26 54: '\x93'
2020-10-16_23-26 54: '\xff'
2020-10-16_23-26 54: '\xa7'
2020-10-16_23-26 54: '\xf9'
2020-10-16_23-26 54: '\xc7'
2020-10-16_23-26 55: '\xda'
2020-10-16_23-26 55: '\xff'
2020-10-16_23-26 55: '\xeb'
2020-10-16_23-26 55: '\x87'
2020-10-16_23-26 55: '\x93'
2020-10-16_23-26 55: '\xff'
2020-10-16_23-26 55: 'i'
2020-10-16_23-26 55: '~'
2020-10-16_23-26 55: 'L'
2020-10-16_23-26 55: '\xeb'
2020-10-16_23-26 55: '\xeb'
2020-10-16_23-26 55: '\x85'
2020-10-16_23-26 55: '1'
2020-10-16_23-26 55: '\xff'
2020-10-16_23-26 55: '\xa5'
2020-10-16_23-26 55: '\xf9'
2020-10-16_23-26 55: '\xc7'
2020-10-16_23-26 55: '\xda'
2020-10-16_23-26 55: '\xff'
2020-10-16_23-26 55: '\xeb'
2020-10-16_23-26 55: '\x85'
2020-10-16_23-26 55: '1'
2020-10-16_23-26 55: '\xff'
2020-10-16_23-26 55: '\xb4'
2020-10-16_23-26 55: '~'
2020-10-16_23-26 55: 'L'
2020-10-16_23-26 55: '\xeb'
2020-10-16_23-26 55: '\xeb'
2020-10-16_23-26 55: '\x85'
2020-10-16_23-26 55: 'W'
2020-10-16_23-26 55: '\xff'
2020-10-16_23-26 55: '\xa3'
2020-10-16_23-26 55: '\xf9'
2020-10-16_23-26 55: '\xc7'
2020-10-16_23-26 55: '\xda'
2020-10-16_23-26 55: '\xff'
2020-10-16_23-26 55: '\xeb'
2020-10-16_23-26 55: '\x85'
2020-10-16_23-26 55: 'W'
2020-10-16_23-26 55: '\xff'
2020-10-16_23-26 55: '\xa1'
2020-10-16_23-26 55: '\xf9'
2020-10-16_23-26 55: '\xc7'
2020-10-16_23-26 55: '\xda'
2020-10-16_23-26 55: '\xff'
2020-10-16_23-26 55: '\xeb'
2020-10-16_23-26 55: '\x87'
2020-10-16_23-26 55: '\xf5'
2020-10-16_23-26 55: '\xff'
2020-10-16_23-26 55: 'h'
2020-10-16_23-26 55: '~'
2020-10-16_23-26 55: 'L'
2020-10-16_23-26 55: '\xeb'
2020-10-16_23-26 55: '\xeb'
2020-10-16_23-26 55: '\x87'
2020-10-16_23-26 55: '\xf5'
2020-10-16_23-26 55: '\xff'
2020-10-16_23-27 10: ''
2020-10-16_23-27 25: ''
2020-10-16_23-27 33: '\xd5'
2020-10-16_23-27 33: '\xf9'
2020-10-16_23-27 33: '\xff'
2020-10-16_23-27 33: '7'
2020-10-16_23-27 33: '\xff'
2020-10-16_23-27 33: '\xfb'
2020-10-16_23-27 33: '\xf3'
2020-10-16_23-27 33: '\xfe'
2020-10-16_23-27 33: '\xfe'
2020-10-16_23-27 48: ''
2020-10-16_23-27 54: '\xaf'
2020-10-16_23-27 54: '\xf9'
2020-10-16_23-27 54: '\xc7'
2020-10-16_23-27 54: '\xda'
2020-10-16_23-27 54: '\xff'
2020-10-16_23-27 54: '\xeb'
2020-10-16_23-27 54: '\x85'
2020-10-16_23-27 54: '\x9b'
2020-10-16_23-27 54: '\xff'
2020-10-16_23-27 54: '-'
2020-10-16_23-27 54: '\xc7'
2020-10-16_23-27 54: '\xda'
2020-10-16_23-27 54: '\xff'
2020-10-16_23-27 54: '\xeb'
2020-10-16_23-27 54: '\x85'
2020-10-16_23-27 54: '\x9b'
2020-10-16_23-27 54: '\xff'
2020-10-16_23-27 54: '\xad'
2020-10-16_23-27 54: '\xf9'
2020-10-16_23-27 54: '\xc7'
2020-10-16_23-27 54: '\xda'
2020-10-16_23-27 54: '\xff'
2020-10-16_23-27 54: '\xeb'
2020-10-16_23-27 54: '\x87'
2020-10-16_23-27 54: '9'
2020-10-16_23-27 54: '\xff'
2020-10-16_23-27 54: 'k'
2020-10-16_23-27 54: '~'
2020-10-16_23-27 54: 'L'
2020-10-16_23-27 54: '\xeb'
2020-10-16_23-27 54: '\xeb'
2020-10-16_23-27 54: '\x87'
2020-10-16_23-27 54: '9'
2020-10-16_23-27 54: '\xff'
2020-10-16_23-27 54: '\xb5'
2020-10-16_23-27 54: '~'
2020-10-16_23-27 54: 'L'
2020-10-16_23-27 54: '\xeb'
2020-10-16_23-27 54: '\xeb'
2020-10-16_23-27 54: '\x87'
2020-10-16_23-27 54: '_'
2020-10-16_23-27 54: '\xff'
2020-10-16_23-27 54: '\xab'
2020-10-16_23-27 54: '\xf9'
2020-10-16_23-27 54: '\xc7'
2020-10-16_23-27 54: '\xda'
2020-10-16_23-27 54: '\xff'
2020-10-16_23-27 54: '\xeb'
2020-10-16_23-27 54: '\x87'
2020-10-16_23-27 54: '_'
2020-10-16_23-27 54: '\xff'
2020-10-16_23-27 54: '\xa9'
2020-10-16_23-27 54: '\xf9'
2020-10-16_23-27 54: '\xc7'
2020-10-16_23-27 54: '\xda'
2020-10-16_23-27 54: '\xff'
2020-10-16_23-27 54: '\xeb'
2020-10-16_23-27 54: '\x85'
2020-10-16_23-27 54: '\xfd'
2020-10-16_23-27 54: '\xff'
2020-10-16_23-27 54: 'j'
2020-10-16_23-27 54: '~'
2020-10-16_23-27 54: 'L'
2020-10-16_23-27 54: '\xeb'
2020-10-16_23-27 54: '\xeb'
2020-10-16_23-27 54: '\x85'
2020-10-16_23-27 54: '\xfd'
2020-10-16_23-27 54: '\xff'
2020-10-16_23-27 54: '\xa7'
2020-10-16_23-27 54: '\xf9'
2020-10-16_23-27 54: '\xc7'
2020-10-16_23-27 54: '\xda'
2020-10-16_23-27 54: '\xff'
2020-10-16_23-27 54: '\xeb'
2020-10-16_23-27 54: '\x87'
2020-10-16_23-27 54: '\x93'
2020-10-16_23-27 54: '\xff'
2020-10-16_23-27 54: '\xa7'
2020-10-16_23-27 54: '\xf9'
2020-10-16_23-27 54: '\xc7'
2020-10-16_23-27 55: 'm'
2020-10-16_23-27 55: '\xff'
2020-10-16_23-27 55: '\xeb'
2020-10-16_23-27 55: '\x87'
2020-10-16_23-27 55: '\x93'
2020-10-16_23-27 55: '\xff'
2020-10-16_23-27 55: '\xa5'
2020-10-16_23-27 55: '\xf9'
2020-10-16_23-27 55: '\xc7'
2020-10-16_23-27 55: '\xda'
2020-10-16_23-27 55: '\xff'
2020-10-16_23-27 55: '\xeb'
2020-10-16_23-27 55: '\x85'
2020-10-16_23-27 55: '1'
2020-10-16_23-27 55: '\xff'
2020-10-16_23-27 55: '\xa5'
2020-10-16_23-27 55: '\xf9'
2020-10-16_23-27 55: '\xc7'
2020-10-16_23-27 55: '\xda'
2020-10-16_23-27 55: '\xff'
2020-10-16_23-27 55: '\xeb'
2020-10-16_23-27 55: '\x85'
2020-10-16_23-27 55: '1'
2020-10-16_23-27 55: '\xff'
2020-10-16_23-27 55: '\xb4'
2020-10-16_23-27 55: '~'
2020-10-16_23-27 55: 'L'
2020-10-16_23-27 55: '\xeb'
2020-10-16_23-27 55: '\xeb'
2020-10-16_23-27 55: '\x85'
2020-10-16_23-27 55: 'W'
2020-10-16_23-27 55: '\xff'
2020-10-16_23-27 55: '\xa3'
2020-10-16_23-27 55: '\xf9'
2020-10-16_23-27 55: '\xc7'
2020-10-16_23-27 55: '\xda'
2020-10-16_23-27 55: '\xff'
2020-10-16_23-27 55: '\xeb'
2020-10-16_23-27 55: '\x85'
2020-10-16_23-27 55: 'W'
2020-10-16_23-27 55: '\xff'
2020-10-16_23-27 55: '\xa1'
2020-10-16_23-27 55: '\xf9'
2020-10-16_23-27 55: '\xc7'
2020-10-16_23-27 55: '\xda'
2020-10-16_23-27 55: '\xff'
2020-10-16_23-27 55: '\xeb'
2020-10-16_23-27 55: '\x87'
2020-10-16_23-27 55: '\xf5'
2020-10-16_23-27 55: '\xff'
2020-10-16_23-27 55: 'h'
2020-10-16_23-27 55: '~'
2020-10-16_23-27 55: 'L'
2020-10-16_23-27 55: '\xeb'
2020-10-16_23-27 55: '\xeb'
2020-10-16_23-27 55: '\x87'
2020-10-16_23-27 55: '\xf5'
2020-10-16_23-27 55: '\xff'
2020-10-16_23-28 10: ''
2020-10-16_23-28 25: ''
2020-10-16_23-28 33: '\xd5'
2020-10-16_23-28 33: '\xf9'
2020-10-16_23-28 33: '\xff'
2020-10-16_23-28 33: '7'
2020-10-16_23-28 33: '\xff'
2020-10-16_23-28 33: '\xfb'
2020-10-16_23-28 33: '\xf3'
2020-10-16_23-28 33: '\xfe'
2020-10-16_23-28 33: '\xfe'
2020-10-16_23-28 48: ''
2020-10-16_23-28 54: '\xaf'
2020-10-16_23-28 54: '\xf9'
2020-10-16_23-28 54: '\xc7'
2020-10-16_23-28 54: '\xda'
2020-10-16_23-28 54: '\xff'
2020-10-16_23-28 54: '\xeb'
2020-10-16_23-28 54: '\x85'
2020-10-16_23-28 54: '\x9b'
2020-10-16_23-28 54: '\xff'
2020-10-16_23-28 54: '\xaf'
2020-10-16_23-28 54: '\xf9'
2020-10-16_23-28 54: '\xc7'
2020-10-16_23-28 54: '\xda'
2020-10-16_23-28 54: '\xff'
2020-10-16_23-28 54: '\xeb'
2020-10-16_23-28 54: '\x85'
2020-10-16_23-28 54: '\x9b'
2020-10-16_23-28 54: '\xff'
2020-10-16_23-28 54: 'k'
2020-10-16_23-28 54: '~'
2020-10-16_23-28 54: 'L'
2020-10-16_23-28 54: '\xeb'
2020-10-16_23-28 54: '\xeb'
2020-10-16_23-28 54: '\x87'
2020-10-16_23-28 54: '9'
2020-10-16_23-28 54: '\xff'
2020-10-16_23-28 54: '\xad'
2020-10-16_23-28 54: '\xf9'
2020-10-16_23-28 54: '\xc7'
2020-10-16_23-28 54: '\xda'
2020-10-16_23-28 54: '\xff'
2020-10-16_23-28 54: '\xeb'
2020-10-16_23-28 54: '\x87'
2020-10-16_23-28 54: '9'
2020-10-16_23-28 54: '\xff'
2020-10-16_23-28 54: '\xab'
2020-10-16_23-28 54: '\xf9'
2020-10-16_23-28 54: '\xc7'
2020-10-16_23-28 54: '\xda'
2020-10-16_23-28 54: '\xff'
2020-10-16_23-28 54: '\xeb'
2020-10-16_23-28 54: '\x87'
2020-10-16_23-28 54: '_'
2020-10-16_23-28 54: '\xff'
2020-10-16_23-28 54: '\xb5'
2020-10-16_23-28 54: '~'
2020-10-16_23-28 54: 'L'
2020-10-16_23-28 54: '\xeb'
2020-10-16_23-28 54: '\xeb'
2020-10-16_23-28 54: '\x87'
2020-10-16_23-28 54: '_'
2020-10-16_23-28 54: '\xff'
2020-10-16_23-28 54: '\xa9'
2020-10-16_23-28 54: '\xf9'
2020-10-16_23-28 54: '\xc7'
2020-10-16_23-28 54: '\xda'
2020-10-16_23-28 54: '\xff'
2020-10-16_23-28 54: '\xeb'
2020-10-16_23-28 54: '\x85'
2020-10-16_23-28 54: '\xfd'
2020-10-16_23-28 54: '\xff'
2020-10-16_23-28 54: '\xa9'
2020-10-16_23-28 54: '\xf9'
2020-10-16_23-28 54: '\xc7'
2020-10-16_23-28 54: '\xda'
2020-10-16_23-28 54: '\xff'
2020-10-16_23-28 54: '\xeb'
2020-10-16_23-28 54: '\x85'
2020-10-16_23-28 54: '\xfd'
2020-10-16_23-28 54: '\xff'
2020-10-16_23-28 54: 'Z'
2020-10-16_23-28 54: '\xbf'
2020-10-16_23-28 54: 'L'
2020-10-16_23-28 54: '\xeb'
2020-10-16_23-28 54: '\xeb'
2020-10-16_23-28 54: '\x87'
2020-10-16_23-28 54: '\x93'
2020-10-16_23-28 54: '\xff'
2020-10-16_23-28 54: 'Z'
2020-10-16_23-28 55: '\xbf'
2020-10-16_23-28 55: 'L'
2020-10-16_23-28 55: '\xeb'
2020-10-16_23-28 55: '\xeb'
2020-10-16_23-28 55: '\x87'
2020-10-16_23-28 55: '\x93'
2020-10-16_23-28 55: '\xff'
2020-10-16_23-28 55: 'i'
2020-10-16_23-28 55: '~'
2020-10-16_23-28 55: 'L'
2020-10-16_23-28 55: '\xeb'
2020-10-16_23-28 55: '\xeb'
2020-10-16_23-28 55: '\x85'
2020-10-16_23-28 55: '1'
2020-10-16_23-28 55: '\xff'
2020-10-16_23-28 55: '\xa5'
2020-10-16_23-28 55: '\xf9'
2020-10-16_23-28 55: '\xc7'
2020-10-16_23-28 55: '\xda'
2020-10-16_23-28 55: '\xff'
2020-10-16_23-28 55: '\xeb'
2020-10-16_23-28 55: '\x85'
2020-10-16_23-28 55: '1'
2020-10-16_23-28 55: '\xff'
2020-10-16_23-28 55: '\xb4'
2020-10-16_23-28 55: '~'
2020-10-16_23-28 55: 'L'
2020-10-16_23-28 55: '\xeb'
2020-10-16_23-28 55: '\xeb'
2020-10-16_23-28 55: '\x85'
2020-10-16_23-28 55: 'W'
2020-10-16_23-28 55: '\xff'
2020-10-16_23-28 55: '\xb4'
2020-10-16_23-28 55: '~'
2020-10-16_23-28 55: 'L'
2020-10-16_23-28 55: '\xeb'
2020-10-16_23-28 55: '\xeb'
2020-10-16_23-28 55: '\x85'
2020-10-16_23-28 55: 'W'
2020-10-16_23-28 55: '\xff'
2020-10-16_23-28 55: 'h'
2020-10-16_23-28 55: '~'
2020-10-16_23-28 55: 'L'
2020-10-16_23-28 55: '\xeb'
2020-10-16_23-28 55: '\xeb'
2020-10-16_23-28 55: '\x87'
2020-10-16_23-28 55: '\xf5'
2020-10-16_23-28 55: '\xff'
2020-10-16_23-28 55: '\xa1'
2020-10-16_23-28 55: '\xf9'
2020-10-16_23-28 55: '\xc7'
2020-10-16_23-28 55: '\xda'
2020-10-16_23-28 55: '\xff'
2020-10-16_23-28 55: '\xeb'
2020-10-16_23-28 55: '\x87'
2020-10-16_23-28 55: '\xf5'
2020-10-16_23-28 55: '\xff'
2020-10-16_23-29 10: ''
2020-10-16_23-29 25: ''
2020-10-16_23-29 33: 'u'
2020-10-16_23-29 33: '~'
2020-10-16_23-29 33: '7'
2020-10-16_23-29 33: '\xff'
2020-10-16_23-29 33: '\xfb'
2020-10-16_23-29 33: '\xf3'
2020-10-16_23-29 33: '\xfe'
2020-10-16_23-29 33: '\xfe'
2020-10-16_23-29 48: ''
2020-10-16_23-29 54: '\xaf'
2020-10-16_23-29 54: '\xf9'
2020-10-16_23-29 54: '\xc7'
2020-10-16_23-29 54: '\xda'
2020-10-16_23-29 54: '\xff'
2020-10-16_23-29 54: '\xeb'
2020-10-16_23-29 54: '\x85'
2020-10-16_23-29 54: '\x9b'
2020-10-16_23-29 54: '\xff'
2020-10-16_23-29 54: '\xaf'
2020-10-16_23-29 54: '\xf9'
2020-10-16_23-29 54: '\xc7'
2020-10-16_23-29 54: '\xda'
2020-10-16_23-29 54: '\xff'
2020-10-16_23-29 54: '\xeb'
2020-10-16_23-29 54: '\x85'
2020-10-16_23-29 54: '\x9b'
2020-10-16_23-29 54: '\xff'
2020-10-16_23-29 54: '\xad'
2020-10-16_23-29 54: '\xf9'
2020-10-16_23-29 54: '\xc7'
2020-10-16_23-29 54: '\xda'
2020-10-16_23-29 54: '\xff'
2020-10-16_23-29 54: '\xeb'
2020-10-16_23-29 54: '\x87'
2020-10-16_23-29 54: '9'
2020-10-16_23-29 54: '\xff'
2020-10-16_23-29 54: '\xad'
2020-10-16_23-29 54: '\xf9'
2020-10-16_23-29 54: '\xc7'
2020-10-16_23-29 54: '\xda'
2020-10-16_23-29 54: '\xff'
2020-10-16_23-29 54: '\xeb'
2020-10-16_23-29 54: '\x87'
2020-10-16_23-29 54: '9'
2020-10-16_23-29 54: '\xff'
2020-10-16_23-29 54: '\xab'
2020-10-16_23-29 54: '\xf9'
2020-10-16_23-29 54: '\xc7'
2020-10-16_23-29 54: '\xda'
2020-10-16_23-29 54: '\xff'
2020-10-16_23-29 54: '\xeb'
2020-10-16_23-29 54: '\x87'
2020-10-16_23-29 54: '_'
2020-10-16_23-29 54: '\xff'
2020-10-16_23-29 54: '\xb5'
2020-10-16_23-29 54: '~'
2020-10-16_23-29 54: 'L'
2020-10-16_23-29 54: '\xeb'
2020-10-16_23-29 54: '\xeb'
2020-10-16_23-29 54: '\x87'
2020-10-16_23-29 54: '_'
2020-10-16_23-29 54: '\xff'
2020-10-16_23-29 54: 'j'
2020-10-16_23-29 54: '~'
2020-10-16_23-29 54: 'L'
2020-10-16_23-29 54: '\xeb'
2020-10-16_23-29 54: '\xeb'
2020-10-16_23-29 54: '\x85'
2020-10-16_23-29 54: '\xfd'
2020-10-16_23-29 54: '\xff'
2020-10-16_23-29 54: 'j'
2020-10-16_23-29 54: '~'
2020-10-16_23-29 54: 'L'
2020-10-16_23-29 54: '\xeb'
2020-10-16_23-29 54: '\xeb'
2020-10-16_23-29 54: '\x85'
2020-10-16_23-29 54: '\xfd'
2020-10-16_23-29 54: '\xff'
2020-10-16_23-29 54: '\xa7'
2020-10-16_23-29 54: '\xf9'
2020-10-16_23-29 54: '\xc7'
2020-10-16_23-29 54: '\xda'
2020-10-16_23-29 54: '\xff'
2020-10-16_23-29 54: '\xeb'
2020-10-16_23-29 54: '\x87'
2020-10-16_23-29 54: '\x93'
2020-10-16_23-29 54: '\xff'
2020-10-16_23-29 54: '\xa7'
2020-10-16_23-29 54: '\xf9'
2020-10-16_23-29 54: '\xc7'
2020-10-16_23-29 55: '\xda'
2020-10-16_23-29 55: '\xff'
2020-10-16_23-29 55: '\xeb'
2020-10-16_23-29 55: '\x87'
2020-10-16_23-29 55: '\x93'
2020-10-16_23-29 55: '\xff'
2020-10-16_23-29 55: 'i'
2020-10-16_23-29 55: '~'
2020-10-16_23-29 55: 'L'
2020-10-16_23-29 55: '\xeb'
2020-10-16_23-29 55: '\xeb'
2020-10-16_23-29 55: '\x85'
2020-10-16_23-29 55: '1'
2020-10-16_23-29 55: '\xff'
2020-10-16_23-29 55: '\xa5'
2020-10-16_23-29 55: '\xf9'
2020-10-16_23-29 55: '\xc7'
2020-10-16_23-29 55: '\xda'
2020-10-16_23-29 55: '\xff'
2020-10-16_23-29 55: '\xeb'
2020-10-16_23-29 55: '\x85'
2020-10-16_23-29 55: '1'
2020-10-16_23-29 55: '\xff'
2020-10-16_23-29 55: '\xa3'
2020-10-16_23-29 55: '\xf9'
2020-10-16_23-29 55: '\xc7'
2020-10-16_23-29 55: '\xda'
2020-10-16_23-29 55: '\xff'
2020-10-16_23-29 55: '\xeb'
2020-10-16_23-29 55: '\x85'
2020-10-16_23-29 55: 'W'
2020-10-16_23-29 55: '\xff'
2020-10-16_23-29 55: '\xb4'
2020-10-16_23-29 55: '~'
2020-10-16_23-29 55: 'L'
2020-10-16_23-29 55: '\xeb'
2020-10-16_23-29 55: '\xeb'
2020-10-16_23-29 55: '\x85'
2020-10-16_23-29 55: 'W'
2020-10-16_23-29 55: '\xff'
2020-10-16_23-29 55: '\xa1'
2020-10-16_23-29 55: '\xf9'
2020-10-16_23-29 55: '\xc7'
2020-10-16_23-29 55: '\xda'
2020-10-16_23-29 55: '\xff'
2020-10-16_23-29 55: '\xeb'
2020-10-16_23-29 55: '\x87'
2020-10-16_23-29 55: '\xf5'
2020-10-16_23-29 55: '\xff'
2020-10-16_23-29 55: 'h'
2020-10-16_23-29 55: '~'
2020-10-16_23-29 55: 'L'
2020-10-16_23-29 55: '\xeb'
2020-10-16_23-29 55: '\xeb'
2020-10-16_23-29 55: '\x87'
2020-10-16_23-29 55: '\xf5'
2020-10-16_23-29 55: '\xff'
2020-10-16_23-30 10: ''
2020-10-16_23-30 25: ''
2020-10-16_23-33 54: 'O'
2020-10-16_23-33 54: '\xd6'
2020-10-16_23-33 54: '\xff'
2020-10-16_23-33 54: '\xa7'
2020-10-16_23-33 54: '\xf9'
2020-10-16_23-33 54: '\xc7'
2020-10-16_23-33 54: '}'
2020-10-16_23-33 54: '\xff'
2020-10-16_23-33 54: '\xeb'
2020-10-16_23-33 54: '\x87'
2020-10-16_23-33 54: '\x93'
2020-10-16_23-33 54: '\xff'
2020-10-16_23-33 54: 'Z'
2020-10-16_23-33 54: '\xbf'
2020-10-16_23-33 54: 'L'
2020-10-16_23-33 54: '\xeb'
2020-10-16_23-33 54: '\xeb'
2020-10-16_23-33 54: '\x87'
2020-10-16_23-33 54: '\x93'
2020-10-16_23-33 54: '\xff'
2020-10-16_23-33 55: '\xa5'
2020-10-16_23-33 55: '\xf9'
2020-10-16_23-33 55: '\xc7'
2020-10-16_23-33 55: '\xda'
2020-10-16_23-33 55: '\xff'
2020-10-16_23-33 55: '\xeb'
2020-10-16_23-33 55: '\x85'
2020-10-16_23-33 55: '1'
2020-10-16_23-33 55: '\xff'
2020-10-16_23-33 55: 'i'
2020-10-16_23-33 55: '~'
2020-10-16_23-33 55: 'L'
2020-10-16_23-33 55: '\xeb'
2020-10-16_23-33 55: '\xeb'
2020-10-16_23-33 55: '\x85'
2020-10-16_23-33 55: '1'
2020-10-16_23-33 55: '\xff'
2020-10-16_23-33 55: '\xa3'
2020-10-16_23-33 55: '\xf9'
2020-10-16_23-33 55: '\xc7'
2020-10-16_23-33 55: '\xda'
2020-10-16_23-33 55: '\xff'
2020-10-16_23-33 55: '\xeb'
2020-10-16_23-33 55: '\x85'
2020-10-16_23-33 55: 'W'
2020-10-16_23-33 55: '\xff'
2020-10-16_23-33 55: '\xb4'
2020-10-16_23-33 55: '\xbe'
2020-10-16_23-33 55: 'L'
2020-10-16_23-33 55: '\xeb'
2020-10-16_23-33 55: '\xeb'
2020-10-16_23-33 55: '\x85'
2020-10-16_23-33 55: 'W'
2020-10-16_23-33 55: '\xff'
2020-10-16_23-33 55: '\xa1'
2020-10-16_23-33 55: '\xf9'
2020-10-16_23-33 55: '\xc7'
2020-10-16_23-33 55: '\xda'
2020-10-16_23-33 55: '\xff'
2020-10-16_23-33 55: '\xeb'
2020-10-16_23-33 55: '\x87'
2020-10-16_23-33 55: '\xf5'
2020-10-16_23-33 55: '\xff'
2020-10-16_23-33 55: '\xa1'
2020-10-16_23-33 55: '\xf9'
2020-10-16_23-33 55: '\xc7'
2020-10-16_23-33 55: '\xda'
2020-10-16_23-33 55: '\xff'
2020-10-16_23-33 55: '\xeb'
2020-10-16_23-33 55: '\x87'
2020-10-16_23-33 55: '\xf5'
2020-10-16_23-33 55: '\xff'
2020-10-16_23-34 10: ''
2020-10-16_23-34 25: ''
2020-10-16_23-34 33: 'u'
2020-10-16_23-34 33: '~'
2020-10-16_23-34 33: '7'
2020-10-16_23-34 33: '\xff'
2020-10-16_23-34 33: '\xfb'
2020-10-16_23-34 33: '\xf3'
2020-10-16_23-34 33: '\xfe'
2020-10-16_23-34 33: '\xfe'
2020-10-16_23-34 48: ''
2020-10-16_23-34 54: '\xaf'
2020-10-16_23-34 54: '\xf9'
2020-10-16_23-34 54: '\xc7'
2020-10-16_23-34 54: '\xda'
2020-10-16_23-34 54: '\xff'
2020-10-16_23-34 54: '\xeb'
2020-10-16_23-34 54: '\x85'
2020-10-16_23-34 54: '\x9b'
2020-10-16_23-34 54: '\xff'
2020-10-16_23-34 54: '\xaf'
2020-10-16_23-34 54: '\xf9'
2020-10-16_23-34 54: '\xc7'
2020-10-16_23-34 54: '\xda'
2020-10-16_23-34 54: '\xff'
2020-10-16_23-34 54: '\xeb'
2020-10-16_23-34 54: '\x85'
2020-10-16_23-34 54: '\x9b'
2020-10-16_23-34 54: '\xff'
2020-10-16_23-34 54: 'k'
2020-10-16_23-34 54: '~'
2020-10-16_23-34 54: 'L'
2020-10-16_23-34 54: '\xeb'
2020-10-16_23-34 54: '\xeb'
2020-10-16_23-34 54: '\x87'
2020-10-16_23-34 54: '9'
2020-10-16_23-34 54: '\xff'
2020-10-16_23-34 54: '\xad'
2020-10-16_23-34 54: '\xf9'
2020-10-16_23-34 54: '\xc7'
2020-10-16_23-34 54: '\xda'
2020-10-16_23-34 54: '\xff'
2020-10-16_23-34 54: '\xeb'
2020-10-16_23-34 54: '\x87'
2020-10-16_23-34 54: '9'
2020-10-16_23-34 54: '\xff'
2020-10-16_23-34 54: '\xb5'
2020-10-16_23-34 54: '~'
2020-10-16_23-34 54: 'L'
2020-10-16_23-34 54: '\xeb'
2020-10-16_23-34 54: '\xeb'
2020-10-16_23-34 54: '\x87'
2020-10-16_23-34 54: '_'
2020-10-16_23-34 54: '\xff'
2020-10-16_23-34 54: '\xab'
2020-10-16_23-34 54: '\xf9'
2020-10-16_23-34 54: '\xc7'
2020-10-16_23-34 54: '\xda'
2020-10-16_23-34 54: '\xff'
2020-10-16_23-34 54: '\xeb'
2020-10-16_23-34 54: '\x87'
2020-10-16_23-34 54: '_'
2020-10-16_23-34 54: '\xff'
2020-10-16_23-34 54: 'j'
2020-10-16_23-34 54: '~'
2020-10-16_23-34 54: 'L'
2020-10-16_23-34 54: '\xeb'
2020-10-16_23-34 54: '\xeb'
2020-10-16_23-34 54: '\x85'
2020-10-16_23-34 54: '\xfd'
2020-10-16_23-34 54: '\xff'
2020-10-16_23-34 54: '\xa9'
2020-10-16_23-34 54: '\xf9'
2020-10-16_23-34 54: '\xc7'
2020-10-16_23-34 54: '\xda'
2020-10-16_23-34 54: '\xff'
2020-10-16_23-34 54: '\xeb'
2020-10-16_23-34 54: '\x85'
2020-10-16_23-34 54: '\xfd'
2020-10-16_23-34 54: '\xff'
2020-10-16_23-34 54: 'Z'
2020-10-16_23-34 54: '\xbf'
2020-10-16_23-34 54: 'L'
2020-10-16_23-34 54: '\xeb'
2020-10-16_23-34 54: '\xeb'
2020-10-16_23-34 54: '\x87'
2020-10-16_23-34 54: '\x93'
2020-10-16_23-34 54: '\xff'
2020-10-16_23-34 54: '\xa7'
2020-10-16_23-34 54: '\xf9'
2020-10-16_23-34 54: '\xc7'
2020-10-16_23-34 54: '\xda'
2020-10-16_23-34 54: '\xff'
2020-10-16_23-34 54: '\xeb'
2020-10-16_23-34 54: '\x87'
2020-10-16_23-34 54: '\x93'
2020-10-16_23-34 54: '\xff'
2020-10-16_23-34 55: 'i'
2020-10-16_23-34 55: '~'
2020-10-16_23-34 55: 'L'
2020-10-16_23-34 55: '\xeb'
2020-10-16_23-34 55: '\xeb'
2020-10-16_23-34 55: '\x85'
2020-10-16_23-34 55: '1'
2020-10-16_23-34 55: '\xff'
2020-10-16_23-34 55: 'i'
2020-10-16_23-34 55: '~'
2020-10-16_23-34 55: 'L'
2020-10-16_23-34 55: '\xeb'
2020-10-16_23-34 55: '\xeb'
2020-10-16_23-34 55: '\x85'
2020-10-16_23-34 55: '1'
2020-10-16_23-34 55: '\xff'
2020-10-16_23-34 55: '\xa3'
2020-10-16_23-34 55: '\xf9'
2020-10-16_23-34 55: '\xc7'
2020-10-16_23-34 55: '\xda'
2020-10-16_23-34 55: '\xff'
2020-10-16_23-34 55: '\xeb'
2020-10-16_23-34 55: '\x85'
2020-10-16_23-34 55: 'W'
2020-10-16_23-34 55: '\xff'
2020-10-16_23-34 55: '\xa3'
2020-10-16_23-34 55: '\xf9'
2020-10-16_23-34 55: '\xc7'
2020-10-16_23-34 55: '\xda'
2020-10-16_23-34 55: '\xff'
2020-10-16_23-34 55: '\xeb'
2020-10-16_23-34 55: '\x85'
2020-10-16_23-34 55: 'W'
2020-10-16_23-34 55: '\xff'
2020-10-16_23-34 55: '\xa1'
2020-10-16_23-34 55: '\xf9'
2020-10-16_23-34 55: '\xc7'
2020-10-16_23-34 55: '\xda'
2020-10-16_23-34 55: '\xff'
2020-10-16_23-34 55: '\xeb'
2020-10-16_23-34 55: '\x87'
2020-10-16_23-34 55: '\xf5'
2020-10-16_23-34 55: '\xff'
2020-10-16_23-34 55: 'h'
2020-10-16_23-34 55: '~'
2020-10-16_23-34 55: 'L'
2020-10-16_23-34 55: '\xeb'
2020-10-16_23-34 55: '\xeb'
2020-10-16_23-34 55: '\x87'
2020-10-16_23-34 55: '\xf5'
2020-10-16_23-34 55: '\xff'
2020-10-16_23-35 10: ''
2020-10-16_23-35 25: ''
2020-10-16_23-35 33: '\xd5'
2020-10-16_23-35 33: '\xf9'
2020-10-16_23-35 33: '\xff'
2020-10-16_23-35 33: '7'
2020-10-16_23-35 33: '\xff'
2020-10-16_23-35 33: '\xfb'
2020-10-16_23-35 33: '\xf3'
2020-10-16_23-35 33: '\xfe'
2020-10-16_23-35 33: '\xfe'